[2024-10-11 12:41:31] local.ERROR: Class "DOMDocument" not found {"exception":"[object] (Error(code: 0): Class \"DOMDocument\" not found at /home/parfait/Documents/Projets/reservation/vendor/nunomaduro/termwind/src/HtmlRenderer.php:32)
[stacktrace]
#0 /home/parfait/Documents/Projets/reservation/vendor/nunomaduro/termwind/src/HtmlRenderer.php(24): Termwind\\HtmlRenderer->parse()
#1 /home/parfait/Documents/Projets/reservation/vendor/nunomaduro/termwind/src/Functions.php(41): Termwind\\HtmlRenderer->render()
#2 /home/parfait/Documents/Projets/reservation/vendor/laravel/framework/src/Illuminate/Console/View/Components/Component.php(52): Termwind\\render()
#3 /home/parfait/Documents/Projets/reservation/vendor/laravel/framework/src/Illuminate/Console/View/Components/Line.php(54): Illuminate\\Console\\View\\Components\\Component->renderView()
#4 /home/parfait/Documents/Projets/reservation/vendor/laravel/framework/src/Illuminate/Console/View/Components/Info.php(18): Illuminate\\Console\\View\\Components\\Line->render()
#5 /home/parfait/Documents/Projets/reservation/vendor/laravel/framework/src/Illuminate/Console/View/Components/Factory.php(60): Illuminate\\Console\\View\\Components\\Info->render()
#6 /home/parfait/Documents/Projets/reservation/vendor/laravel/framework/src/Illuminate/Foundation/Console/ServeCommand.php(284): Illuminate\\Console\\View\\Components\\Factory->__call()
#7 /home/parfait/Documents/Projets/reservation/vendor/laravel/framework/src/Illuminate/Collections/Traits/EnumeratesValues.php(257): Illuminate\\Foundation\\Console\\ServeCommand->Illuminate\\Foundation\\Console\\{closure}()
#8 /home/parfait/Documents/Projets/reservation/vendor/laravel/framework/src/Illuminate/Foundation/Console/ServeCommand.php(279): Illuminate\\Support\\Collection->each()
#9 /home/parfait/Documents/Projets/reservation/vendor/laravel/framework/src/Illuminate/Foundation/Console/ServeCommand.php(261): Illuminate\\Foundation\\Console\\ServeCommand->flushOutputBuffer()
#10 /home/parfait/Documents/Projets/reservation/vendor/symfony/process/Process.php(1311): Illuminate\\Foundation\\Console\\ServeCommand->Illuminate\\Foundation\\Console\\{closure}()
#11 /home/parfait/Documents/Projets/reservation/vendor/symfony/process/Process.php(1422): Symfony\\Component\\Process\\Process->Symfony\\Component\\Process\\{closure}()
#12 /home/parfait/Documents/Projets/reservation/vendor/symfony/process/Process.php(1342): Symfony\\Component\\Process\\Process->readPipes()
#13 /home/parfait/Documents/Projets/reservation/vendor/symfony/process/Process.php(865): Symfony\\Component\\Process\\Process->updateStatus()
#14 /home/parfait/Documents/Projets/reservation/vendor/laravel/framework/src/Illuminate/Foundation/Console/ServeCommand.php(105): Symfony\\Component\\Process\\Process->isRunning()
#15 /home/parfait/Documents/Projets/reservation/vendor/laravel/framework/src/Illuminate/Container/BoundMethod.php(36): Illuminate\\Foundation\\Console\\ServeCommand->handle()
#16 /home/parfait/Documents/Projets/reservation/vendor/laravel/framework/src/Illuminate/Container/Util.php(43): Illuminate\\Container\\BoundMethod::Illuminate\\Container\\{closure}()
#17 /home/parfait/Documents/Projets/reservation/vendor/laravel/framework/src/Illuminate/Container/BoundMethod.php(95): Illuminate\\Container\\Util::unwrapIfClosure()
#18 /home/parfait/Documents/Projets/reservation/vendor/laravel/framework/src/Illuminate/Container/BoundMethod.php(35): Illuminate\\Container\\BoundMethod::callBoundMethod()
#19 /home/parfait/Documents/Projets/reservation/vendor/laravel/framework/src/Illuminate/Container/Container.php(690): Illuminate\\Container\\BoundMethod::call()
#20 /home/parfait/Documents/Projets/reservation/vendor/laravel/framework/src/Illuminate/Console/Command.php(213): Illuminate\\Container\\Container->call()
#21 /home/parfait/Documents/Projets/reservation/vendor/symfony/console/Command/Command.php(279): Illuminate\\Console\\Command->execute()
#22 /home/parfait/Documents/Projets/reservation/vendor/laravel/framework/src/Illuminate/Console/Command.php(182): Symfony\\Component\\Console\\Command\\Command->run()
#23 /home/parfait/Documents/Projets/reservation/vendor/symfony/console/Application.php(1047): Illuminate\\Console\\Command->run()
#24 /home/parfait/Documents/Projets/reservation/vendor/symfony/console/Application.php(316): Symfony\\Component\\Console\\Application->doRunCommand()
#25 /home/parfait/Documents/Projets/reservation/vendor/symfony/console/Application.php(167): Symfony\\Component\\Console\\Application->doRun()
#26 /home/parfait/Documents/Projets/reservation/vendor/laravel/framework/src/Illuminate/Foundation/Console/Kernel.php(197): Symfony\\Component\\Console\\Application->run()
#27 /home/parfait/Documents/Projets/reservation/vendor/laravel/framework/src/Illuminate/Foundation/Application.php(1203): Illuminate\\Foundation\\Console\\Kernel->handle()
#28 /home/parfait/Documents/Projets/reservation/artisan(13): Illuminate\\Foundation\\Application->handleCommand()
#29 {main}
"} 
